[>>][4d846164ca170494856799][DEFAULT][/testlink-1.9.2/install/installNewDB.php][11/Mar/19 07:55:16]
[>>][4d846187da8dc665478451][DEFAULT][/testlink-1.9.2/install/installNewDB.php][11/Mar/19 07:55:51]
[>>][4d8463c50193b201589888][DEFAULT][/dev/testlink/testlink-1.9.2/index.php][11/Mar/19 08:05:25]
[>>][4d8463c52e84f262320695][DEFAULT][/testlink-1.9.2/lib/general/navBar.php][11/Mar/19 08:05:25]
[>>][4d8463c532986883804042][DEFAULT][/testlink-1.9.2/lib/general/mainPage.php][11/Mar/19 08:05:25]
[>>][4d8463c5bdab2877716815][DEFAULT][/testlink-1.9.2/lib/project/projectEdit.php][11/Mar/19 08:05:25]
[>>][4d8463dc78d26541225147][DEFAULT][/testlink-1.9.2/lib/project/projectEdit.php][11/Mar/19 08:05:48]
[>>][4d8463dfd3795719793882][DEFAULT][/testlink-1.9.2/lib/general/navBar.php][11/Mar/19 08:05:51]
[>>][4d8463e17f56c526838005][DEFAULT][/dev/testlink/testlink-1.9.2/index.php][11/Mar/19 08:05:53]
[>>][4d8463e1a65cb897727858][DEFAULT][/testlink-1.9.2/lib/general/navBar.php][11/Mar/19 08:05:53]
[>>][4d8463e1a98f8212929643][DEFAULT][/testlink-1.9.2/lib/general/mainPage.php][11/Mar/19 08:05:53]
[>>][4d8463e888979936828842][DEFAULT][/testlink-1.9.2/lib/general/frmWorkArea.php][11/Mar/19 08:06:00]
[>>][4d8463e8bb6d0534057409][DEFAULT][/lib/testcases/listTestCases.php][11/Mar/19 08:06:00]
[>>][4d8463e8c1193144920351][DEFAULT][/testlink-1.9.2/lib/general/staticPage.php][11/Mar/19 08:06:00]
[>>][4d8463ec5487a512541765][DEFAULT][/testlink-1.9.2/lib/ajax/gettprojectnodes.php][11/Mar/19 08:06:04]
[>>][4d8463ee56cb5509909670][DEFAULT][/testlink-1.9.2/lib/testcases/archiveData.php][11/Mar/19 08:06:06]
[>>][4d8463f33e962575814496][DEFAULT][/lib/testcases/containerEdit.php][11/Mar/19 08:06:11]
[>>][4d8463fba1d0e811570149][DEFAULT][/lib/testcases/containerEdit.php][11/Mar/19 08:06:19]
[>>][4d8463ff0a096000735371][DEFAULT][/lib/testcases/listTestCases.php][11/Mar/19 08:06:23]
[>>][4d84640547db6435956018][DEFAULT][/testlink-1.9.2/lib/ajax/gettprojectnodes.php][11/Mar/19 08:06:29]
[>>][4d84640653a40381060042][DEFAULT][/testlink-1.9.2/lib/testcases/archiveData.php][11/Mar/19 08:06:30]
[>>][4d84640aee66f245063762][DEFAULT][/testlink-1.9.2/lib/testcases/tcEdit.php][11/Mar/19 08:06:34]
[>>][4d84641388402398634138][DEFAULT][/lib/ajax/checkTCaseDuplicateName.php][11/Mar/19 08:06:43]
[>>][4d84641397c90618553245][DEFAULT][/lib/ajax/checkTCaseDuplicateName.php][11/Mar/19 08:06:43]
[>>][4d846413c3f6d762026894][DEFAULT][/lib/ajax/checkTCaseDuplicateName.php][11/Mar/19 08:06:43]
[>>][4d846413da595012577573][DEFAULT][/lib/ajax/checkTCaseDuplicateName.php][11/Mar/19 08:06:43]
[>>][4d846414113af698744655][DEFAULT][/lib/ajax/checkTCaseDuplicateName.php][11/Mar/19 08:06:44]
[>>][4d8464143022d062014525][DEFAULT][/lib/ajax/checkTCaseDuplicateName.php][11/Mar/19 08:06:44]
[>>][4d84641457799122401597][DEFAULT][/lib/ajax/checkTCaseDuplicateName.php][11/Mar/19 08:06:44]
[>>][4d8464147b15d331497942][DEFAULT][/lib/ajax/checkTCaseDuplicateName.php][11/Mar/19 08:06:44]
[>>][4d84641508cd0343697577][DEFAULT][/lib/ajax/checkTCaseDuplicateName.php][11/Mar/19 08:06:45]
[>>][4d84641541cae883414122][DEFAULT][/lib/ajax/checkTCaseDuplicateName.php][11/Mar/19 08:06:45]
[>>][4d8464156c131843667595][DEFAULT][/lib/ajax/checkTCaseDuplicateName.php][11/Mar/19 08:06:45]
[>>][4d8464159cb07466330292][DEFAULT][/lib/ajax/checkTCaseDuplicateName.php][11/Mar/19 08:06:45]
[>>][4d846415b5290701667507][DEFAULT][/lib/ajax/checkTCaseDuplicateName.php][11/Mar/19 08:06:45]
[>>][4d8464182fba0140203839][DEFAULT][/testlink-1.9.2/lib/testcases/tcEdit.php][11/Mar/19 08:06:48]
[>>][4d84641b1f4e4606405207][DEFAULT][/lib/testcases/listTestCases.php][11/Mar/19 08:06:51]
[>>][4d846423ee3c9953256243][DEFAULT][/lib/testcases/listTestCases.php][11/Mar/19 08:06:59]
[>>][4d8464243e06a697416711][DEFAULT][/testlink-1.9.2/lib/ajax/gettprojectnodes.php][11/Mar/19 08:07:00]
[>>][4d846429c2f45896580571][DEFAULT][/testlink-1.9.2/lib/ajax/gettprojectnodes.php][11/Mar/19 08:07:05]
[>>][4d84642cde522829036819][DEFAULT][/testlink-1.9.2/lib/testcases/archiveData.php][11/Mar/19 08:07:08]
[>>][4d8464346be02980385777][DEFAULT][/testlink-1.9.2/lib/ajax/gettprojectnodes.php][11/Mar/19 08:07:16]
[>>][4d846435679d5199964010][DEFAULT][/testlink-1.9.2/lib/testcases/archiveData.php][11/Mar/19 08:07:17]
[>>][4d84643b15b78083156103][DEFAULT][/testlink-1.9.2/lib/testcases/tcPrint.php][11/Mar/19 08:07:23]
