	[11/Mar/19 07:55:16][WARNING][<nosession>][GUI]
		E_WARNING
pg_connect() [<a href='function.pg-connect'>function.pg-connect</a>]: Unable to connect to PostgreSQL server: could not connect to server: Connection refused
	Is the server running on host &quot;localhost&quot; and accepting
	TCP/IP connections on port 5432? - in /home/fman/dev/testlink/testlink-1.9.2/third_party/adodb/drivers/adodb-postgres64.inc.php - Line 693
[<<][4d846164ca170494856799][DEFAULT][/testlink-1.9.2/install/installNewDB.php][11/Mar/19 07:55:16][11/Mar/19 07:55:16][took 0.095252 secs]
	[11/Mar/19 07:55:52][WARNING][<nosession>][GUI]
		E_WARNING
pg_connect() [<a href='function.pg-connect'>function.pg-connect</a>]: Unable to connect to PostgreSQL server: FATAL:  database &quot;testlink192A&quot; does not exist - in /home/fman/dev/testlink/testlink-1.9.2/third_party/adodb/drivers/adodb-postgres64.inc.php - Line 693
	[11/Mar/19 07:55:52][WARNING][<nosession>][GUI]
		E_WARNING
pg_close() expects parameter 1 to be resource, boolean given - in /home/fman/dev/testlink/testlink-1.9.2/third_party/adodb/drivers/adodb-postgres64.inc.php - Line 844
	[11/Mar/19 07:55:52][WARNING][<nosession>][GUI]
		E_WARNING
pg_close() expects parameter 1 to be resource, boolean given - in /home/fman/dev/testlink/testlink-1.9.2/third_party/adodb/drivers/adodb-postgres64.inc.php - Line 844
[<<][4d846187da8dc665478451][DEFAULT][/testlink-1.9.2/install/installNewDB.php][11/Mar/19 07:55:51][11/Mar/19 07:55:59][took 7.110435 secs]
[<<][4d8463c50193b201589888][DEFAULT][/dev/testlink/testlink-1.9.2/index.php][11/Mar/19 08:05:25][11/Mar/19 08:05:25][took 0.104663 secs]
[<<][4d8463c52e84f262320695][DEFAULT][/testlink-1.9.2/lib/general/navBar.php][11/Mar/19 08:05:25][11/Mar/19 08:05:25][took 0.277645 secs]
[>>][4d8463c5726c1361301305][DEFAULT][/testlink-1.9.2/lib/general/navBar.php][11/Mar/19 08:05:25]
[<<][4d8463c5726c1361301305][DEFAULT][/testlink-1.9.2/lib/general/navBar.php][11/Mar/19 08:05:25][11/Mar/19 08:05:25][took 0.090246 secs]
[<<][4d8463c532986883804042][DEFAULT][/testlink-1.9.2/lib/general/mainPage.php][11/Mar/19 08:05:25][11/Mar/19 08:05:25][took 0.385356 secs]
[>>][4d8463c590cca315759859][DEFAULT][/testlink-1.9.2/lib/general/mainPage.php][11/Mar/19 08:05:25]
	[11/Mar/19 08:05:25][WARNING][l93tbe5cmkuu4rqjbcii83d9a0][GUI]
		No project found: Assume a new installation and redirect to create it
[<<][4d8463c590cca315759859][DEFAULT][/testlink-1.9.2/lib/general/mainPage.php][11/Mar/19 08:05:25][11/Mar/19 08:05:25][took 0.043833 secs]
[<<][4d8463c5bdab2877716815][DEFAULT][/testlink-1.9.2/lib/project/projectEdit.php][11/Mar/19 08:05:25][11/Mar/19 08:05:25][took 0.165132 secs]
[>>][4d8463c5e61ba538539544][DEFAULT][/testlink-1.9.2/lib/project/projectEdit.php][11/Mar/19 08:05:25]
[<<][4d8463c5e61ba538539544][DEFAULT][/testlink-1.9.2/lib/project/projectEdit.php][11/Mar/19 08:05:25][11/Mar/19 08:05:26][took 0.254794 secs]
[<<][4d8463dc78d26541225147][DEFAULT][/testlink-1.9.2/lib/project/projectEdit.php][11/Mar/19 08:05:48][11/Mar/19 08:05:48][took 0.13246 secs]
[>>][4d8463dc994a4569414528][DEFAULT][/testlink-1.9.2/lib/project/projectEdit.php][11/Mar/19 08:05:48]
	[11/Mar/19 08:05:48][AUDIT][l93tbe5cmkuu4rqjbcii83d9a0][GUI]
		Test Project 'POSTGRES' was created
[<<][4d8463dc994a4569414528][DEFAULT][/testlink-1.9.2/lib/project/projectEdit.php][11/Mar/19 08:05:48][11/Mar/19 08:05:48][took 0.198648 secs]
[<<][4d8463dfd3795719793882][DEFAULT][/testlink-1.9.2/lib/general/navBar.php][11/Mar/19 08:05:51][11/Mar/19 08:05:51][took 0.13085 secs]
[>>][4d8463dff38a7002474842][DEFAULT][/testlink-1.9.2/lib/general/navBar.php][11/Mar/19 08:05:51]
[<<][4d8463dff38a7002474842][DEFAULT][/testlink-1.9.2/lib/general/navBar.php][11/Mar/19 08:05:51][11/Mar/19 08:05:52][took 0.030418 secs]
[<<][4d8463e17f56c526838005][DEFAULT][/dev/testlink/testlink-1.9.2/index.php][11/Mar/19 08:05:53][11/Mar/19 08:05:53][took 0.079538 secs]
[<<][4d8463e1a65cb897727858][DEFAULT][/testlink-1.9.2/lib/general/navBar.php][11/Mar/19 08:05:53][11/Mar/19 08:05:53][took 0.234147 secs]
[>>][4d8463e1dfa36943061818][DEFAULT][/testlink-1.9.2/lib/general/navBar.php][11/Mar/19 08:05:53]
[<<][4d8463e1dfa36943061818][DEFAULT][/testlink-1.9.2/lib/general/navBar.php][11/Mar/19 08:05:53][11/Mar/19 08:05:53][took 0.035365 secs]
[<<][4d8463e1a98f8212929643][DEFAULT][/testlink-1.9.2/lib/general/mainPage.php][11/Mar/19 08:05:53][11/Mar/19 08:05:53][took 0.285429 secs]
[>>][4d8463e1ef5fe315563668][DEFAULT][/testlink-1.9.2/lib/general/mainPage.php][11/Mar/19 08:05:53]
[<<][4d8463e1ef5fe315563668][DEFAULT][/testlink-1.9.2/lib/general/mainPage.php][11/Mar/19 08:05:53][11/Mar/19 08:05:54][took 0.361038 secs]
[<<][4d8463e888979936828842][DEFAULT][/testlink-1.9.2/lib/general/frmWorkArea.php][11/Mar/19 08:06:00][11/Mar/19 08:06:00][took 0.084979 secs]
[>>][4d8463e89d762161817710][DEFAULT][/testlink-1.9.2/lib/general/frmWorkArea.php][11/Mar/19 08:06:00]
[<<][4d8463e89d762161817710][DEFAULT][/testlink-1.9.2/lib/general/frmWorkArea.php][11/Mar/19 08:06:00][11/Mar/19 08:06:00][took 0.037546 secs]
[<<][4d8463e8bb6d0534057409][DEFAULT][/lib/testcases/listTestCases.php][11/Mar/19 08:06:00][11/Mar/19 08:06:00][took 0.230019 secs]
[>>][4d8463e8f3b42685555280][DEFAULT][/lib/testcases/listTestCases.php][11/Mar/19 08:06:00]
[<<][4d8463e8f3b42685555280][DEFAULT][/lib/testcases/listTestCases.php][11/Mar/19 08:06:00][11/Mar/19 08:06:01][took 0.232985 secs]
[<<][4d8463e8c1193144920351][DEFAULT][/testlink-1.9.2/lib/general/staticPage.php][11/Mar/19 08:06:00][11/Mar/19 08:06:01][took 0.485951 secs]
[>>][4d8463e943bbf268360907][DEFAULT][/testlink-1.9.2/lib/general/staticPage.php][11/Mar/19 08:06:01]
[<<][4d8463e943bbf268360907][DEFAULT][/testlink-1.9.2/lib/general/staticPage.php][11/Mar/19 08:06:01][11/Mar/19 08:06:01][took 0.066996 secs]
[<<][4d8463ec5487a512541765][DEFAULT][/testlink-1.9.2/lib/ajax/gettprojectnodes.php][11/Mar/19 08:06:04][11/Mar/19 08:06:04][took 0.132269 secs]
[>>][4d8463ec74f09797459075][DEFAULT][/testlink-1.9.2/lib/ajax/gettprojectnodes.php][11/Mar/19 08:06:04]
[<<][4d8463ec74f09797459075][DEFAULT][/testlink-1.9.2/lib/ajax/gettprojectnodes.php][11/Mar/19 08:06:04][11/Mar/19 08:06:04][took 0.022355 secs]
[<<][4d8463ee56cb5509909670][DEFAULT][/testlink-1.9.2/lib/testcases/archiveData.php][11/Mar/19 08:06:06][11/Mar/19 08:06:06][took 0.090705 secs]
[>>][4d8463ee6d0de677347011][DEFAULT][/testlink-1.9.2/lib/testcases/archiveData.php][11/Mar/19 08:06:06]
[<<][4d8463ee6d0de677347011][DEFAULT][/testlink-1.9.2/lib/testcases/archiveData.php][11/Mar/19 08:06:06][11/Mar/19 08:06:06][took 0.218271 secs]
[<<][4d8463f33e962575814496][DEFAULT][/lib/testcases/containerEdit.php][11/Mar/19 08:06:11][11/Mar/19 08:06:11][took 0.113714 secs]
[>>][4d8463f35a790092049110][DEFAULT][/lib/testcases/containerEdit.php][11/Mar/19 08:06:11]
[<<][4d8463f35a790092049110][DEFAULT][/lib/testcases/containerEdit.php][11/Mar/19 08:06:11][11/Mar/19 08:06:11][took 0.197257 secs]
[<<][4d8463fba1d0e811570149][DEFAULT][/lib/testcases/containerEdit.php][11/Mar/19 08:06:19][11/Mar/19 08:06:19][took 0.185537 secs]
[>>][4d8463fbcf3e8186267937][DEFAULT][/lib/testcases/containerEdit.php][11/Mar/19 08:06:19]
[<<][4d8463fbcf3e8186267937][DEFAULT][/lib/testcases/containerEdit.php][11/Mar/19 08:06:19][11/Mar/19 08:06:19][took 0.146014 secs]
[<<][4d8463ff0a096000735371][DEFAULT][/lib/testcases/listTestCases.php][11/Mar/19 08:06:23][11/Mar/19 08:06:23][took 0.176857 secs]
[>>][4d8463ff3651b133473535][DEFAULT][/lib/testcases/listTestCases.php][11/Mar/19 08:06:23]
[<<][4d8463ff3651b133473535][DEFAULT][/lib/testcases/listTestCases.php][11/Mar/19 08:06:23][11/Mar/19 08:06:23][took 0.122013 secs]
[<<][4d84640547db6435956018][DEFAULT][/testlink-1.9.2/lib/ajax/gettprojectnodes.php][11/Mar/19 08:06:29][11/Mar/19 08:06:29][took 0.136078 secs]
[>>][4d8464056931e594098002][DEFAULT][/testlink-1.9.2/lib/ajax/gettprojectnodes.php][11/Mar/19 08:06:29]
[<<][4d8464056931e594098002][DEFAULT][/testlink-1.9.2/lib/ajax/gettprojectnodes.php][11/Mar/19 08:06:29][11/Mar/19 08:06:29][took 0.018056 secs]
[<<][4d84640653a40381060042][DEFAULT][/testlink-1.9.2/lib/testcases/archiveData.php][11/Mar/19 08:06:30][11/Mar/19 08:06:30][took 0.182609 secs]
[>>][4d846406805a0668393246][DEFAULT][/testlink-1.9.2/lib/testcases/archiveData.php][11/Mar/19 08:06:30]
[<<][4d846406805a0668393246][DEFAULT][/testlink-1.9.2/lib/testcases/archiveData.php][11/Mar/19 08:06:30][11/Mar/19 08:06:30][took 0.365375 secs]
[<<][4d84640aee66f245063762][DEFAULT][/testlink-1.9.2/lib/testcases/tcEdit.php][11/Mar/19 08:06:34][11/Mar/19 08:06:35][took 0.107497 secs]
[>>][4d84640b14aa2981674353][DEFAULT][/testlink-1.9.2/lib/testcases/tcEdit.php][11/Mar/19 08:06:35]
[<<][4d84640b14aa2981674353][DEFAULT][/testlink-1.9.2/lib/testcases/tcEdit.php][11/Mar/19 08:06:35][11/Mar/19 08:06:35][took 0.2027 secs]
[<<][4d84641388402398634138][DEFAULT][/lib/ajax/checkTCaseDuplicateName.php][11/Mar/19 08:06:43][11/Mar/19 08:06:43][took 0.273783 secs]
[>>][4d846413cb387860270215][DEFAULT][/lib/ajax/checkTCaseDuplicateName.php][11/Mar/19 08:06:43]
[<<][4d846413cb387860270215][DEFAULT][/lib/ajax/checkTCaseDuplicateName.php][11/Mar/19 08:06:43][11/Mar/19 08:06:43][took 0.04488 secs]
[<<][4d84641397c90618553245][DEFAULT][/lib/ajax/checkTCaseDuplicateName.php][11/Mar/19 08:06:43][11/Mar/19 08:06:43][took 0.329082 secs]
[>>][4d846413e83fe641280331][DEFAULT][/lib/ajax/checkTCaseDuplicateName.php][11/Mar/19 08:06:43]
[<<][4d846413e83fe641280331][DEFAULT][/lib/ajax/checkTCaseDuplicateName.php][11/Mar/19 08:06:43][11/Mar/19 08:06:43][took 0.039009 secs]
[<<][4d846413c3f6d762026894][DEFAULT][/lib/ajax/checkTCaseDuplicateName.php][11/Mar/19 08:06:43][11/Mar/19 08:06:44][took 0.417535 secs]
[>>][4d84641435e0b622560165][DEFAULT][/lib/ajax/checkTCaseDuplicateName.php][11/Mar/19 08:06:44]
[<<][4d84641435e0b622560165][DEFAULT][/lib/ajax/checkTCaseDuplicateName.php][11/Mar/19 08:06:44][11/Mar/19 08:06:44][took 0.039063 secs]
[<<][4d846413da595012577573][DEFAULT][/lib/ajax/checkTCaseDuplicateName.php][11/Mar/19 08:06:43][11/Mar/19 08:06:44][took 0.42468 secs]
[>>][4d8464144e00d328792722][DEFAULT][/lib/ajax/checkTCaseDuplicateName.php][11/Mar/19 08:06:44]
[<<][4d8464144e00d328792722][DEFAULT][/lib/ajax/checkTCaseDuplicateName.php][11/Mar/19 08:06:44][11/Mar/19 08:06:44][took 0.049762 secs]
[<<][4d846414113af698744655][DEFAULT][/lib/ajax/checkTCaseDuplicateName.php][11/Mar/19 08:06:44][11/Mar/19 08:06:44][took 0.438239 secs]
[>>][4d8464147c572738363087][DEFAULT][/lib/ajax/checkTCaseDuplicateName.php][11/Mar/19 08:06:44]
[<<][4d8464147c572738363087][DEFAULT][/lib/ajax/checkTCaseDuplicateName.php][11/Mar/19 08:06:44][11/Mar/19 08:06:44][took 0.045019 secs]
[<<][4d8464143022d062014525][DEFAULT][/lib/ajax/checkTCaseDuplicateName.php][11/Mar/19 08:06:44][11/Mar/19 08:06:44][took 0.450828 secs]
[>>][4d8464149e51a773147110][DEFAULT][/lib/ajax/checkTCaseDuplicateName.php][11/Mar/19 08:06:44]
[<<][4d8464149e51a773147110][DEFAULT][/lib/ajax/checkTCaseDuplicateName.php][11/Mar/19 08:06:44][11/Mar/19 08:06:44][took 0.043794 secs]
[<<][4d84641457799122401597][DEFAULT][/lib/ajax/checkTCaseDuplicateName.php][11/Mar/19 08:06:44][11/Mar/19 08:06:44][took 0.421536 secs]
[>>][4d846414be82f174803579][DEFAULT][/lib/ajax/checkTCaseDuplicateName.php][11/Mar/19 08:06:44]
[<<][4d846414be82f174803579][DEFAULT][/lib/ajax/checkTCaseDuplicateName.php][11/Mar/19 08:06:44][11/Mar/19 08:06:44][took 0.031585 secs]
[<<][4d8464147b15d331497942][DEFAULT][/lib/ajax/checkTCaseDuplicateName.php][11/Mar/19 08:06:44][11/Mar/19 08:06:44][took 0.34369 secs]
[>>][4d846414cf1cf051641837][DEFAULT][/lib/ajax/checkTCaseDuplicateName.php][11/Mar/19 08:06:44]
[<<][4d846414cf1cf051641837][DEFAULT][/lib/ajax/checkTCaseDuplicateName.php][11/Mar/19 08:06:44][11/Mar/19 08:06:44][took 0.021021 secs]
[<<][4d84641508cd0343697577][DEFAULT][/lib/ajax/checkTCaseDuplicateName.php][11/Mar/19 08:06:45][11/Mar/19 08:06:45][took 0.17122 secs]
[>>][4d84641532b77153786818][DEFAULT][/lib/ajax/checkTCaseDuplicateName.php][11/Mar/19 08:06:45]
[<<][4d84641532b77153786818][DEFAULT][/lib/ajax/checkTCaseDuplicateName.php][11/Mar/19 08:06:45][11/Mar/19 08:06:45][took 0.030114 secs]
[<<][4d84641541cae883414122][DEFAULT][/lib/ajax/checkTCaseDuplicateName.php][11/Mar/19 08:06:45][11/Mar/19 08:06:45][took 0.112842 secs]
[>>][4d8464155d776885290300][DEFAULT][/lib/ajax/checkTCaseDuplicateName.php][11/Mar/19 08:06:45]
[<<][4d8464155d776885290300][DEFAULT][/lib/ajax/checkTCaseDuplicateName.php][11/Mar/19 08:06:45][11/Mar/19 08:06:45][took 0.014581 secs]
[<<][4d8464156c131843667595][DEFAULT][/lib/ajax/checkTCaseDuplicateName.php][11/Mar/19 08:06:45][11/Mar/19 08:06:45][took 0.103408 secs]
[>>][4d846415856f7744928973][DEFAULT][/lib/ajax/checkTCaseDuplicateName.php][11/Mar/19 08:06:45]
[<<][4d846415856f7744928973][DEFAULT][/lib/ajax/checkTCaseDuplicateName.php][11/Mar/19 08:06:45][11/Mar/19 08:06:45][took 0.019249 secs]
[<<][4d8464159cb07466330292][DEFAULT][/lib/ajax/checkTCaseDuplicateName.php][11/Mar/19 08:06:45][11/Mar/19 08:06:45][took 0.140203 secs]
[>>][4d846415bf07f700377384][DEFAULT][/lib/ajax/checkTCaseDuplicateName.php][11/Mar/19 08:06:45]
[<<][4d846415bf07f700377384][DEFAULT][/lib/ajax/checkTCaseDuplicateName.php][11/Mar/19 08:06:45][11/Mar/19 08:06:45][took 0.023535 secs]
[<<][4d846415b5290701667507][DEFAULT][/lib/ajax/checkTCaseDuplicateName.php][11/Mar/19 08:06:45][11/Mar/19 08:06:45][took 0.151393 secs]
[>>][4d846415da3d3774930340][DEFAULT][/lib/ajax/checkTCaseDuplicateName.php][11/Mar/19 08:06:45]
[<<][4d846415da3d3774930340][DEFAULT][/lib/ajax/checkTCaseDuplicateName.php][11/Mar/19 08:06:45][11/Mar/19 08:06:45][took 0.014874 secs]
[<<][4d8464182fba0140203839][DEFAULT][/testlink-1.9.2/lib/testcases/tcEdit.php][11/Mar/19 08:06:48][11/Mar/19 08:06:48][took 0.105703 secs]
[>>][4d84641849aa3735517621][DEFAULT][/testlink-1.9.2/lib/testcases/tcEdit.php][11/Mar/19 08:06:48]
[<<][4d84641849aa3735517621][DEFAULT][/testlink-1.9.2/lib/testcases/tcEdit.php][11/Mar/19 08:06:48][11/Mar/19 08:06:48][took 0.112729 secs]
[<<][4d84641b1f4e4606405207][DEFAULT][/lib/testcases/listTestCases.php][11/Mar/19 08:06:51][11/Mar/19 08:06:51][took 0.166937 secs]
[>>][4d84641b482d2709974741][DEFAULT][/lib/testcases/listTestCases.php][11/Mar/19 08:06:51]
[<<][4d84641b482d2709974741][DEFAULT][/lib/testcases/listTestCases.php][11/Mar/19 08:06:51][11/Mar/19 08:06:51][took 0.122792 secs]
[<<][4d846423ee3c9953256243][DEFAULT][/lib/testcases/listTestCases.php][11/Mar/19 08:06:59][11/Mar/19 08:07:00][took 0.193917 secs]
[>>][4d846424298de564743899][DEFAULT][/lib/testcases/listTestCases.php][11/Mar/19 08:07:00]
[<<][4d846424298de564743899][DEFAULT][/lib/testcases/listTestCases.php][11/Mar/19 08:07:00][11/Mar/19 08:07:00][took 0.161674 secs]
[<<][4d8464243e06a697416711][DEFAULT][/testlink-1.9.2/lib/ajax/gettprojectnodes.php][11/Mar/19 08:07:00][11/Mar/19 08:07:00][took 0.226096 secs]
[>>][4d846424755ad666747357][DEFAULT][/testlink-1.9.2/lib/ajax/gettprojectnodes.php][11/Mar/19 08:07:00]
[<<][4d846424755ad666747357][DEFAULT][/testlink-1.9.2/lib/ajax/gettprojectnodes.php][11/Mar/19 08:07:00][11/Mar/19 08:07:00][took 0.030835 secs]
[<<][4d846429c2f45896580571][DEFAULT][/testlink-1.9.2/lib/ajax/gettprojectnodes.php][11/Mar/19 08:07:05][11/Mar/19 08:07:05][took 0.138627 secs]
[>>][4d846429e4eb7743073834][DEFAULT][/testlink-1.9.2/lib/ajax/gettprojectnodes.php][11/Mar/19 08:07:05]
[<<][4d846429e4eb7743073834][DEFAULT][/testlink-1.9.2/lib/ajax/gettprojectnodes.php][11/Mar/19 08:07:05][11/Mar/19 08:07:05][took 0.026492 secs]
[<<][4d84642cde522829036819][DEFAULT][/testlink-1.9.2/lib/testcases/archiveData.php][11/Mar/19 08:07:08][11/Mar/19 08:07:09][took 0.095429 secs]
[>>][4d84642d0198b794292826][DEFAULT][/testlink-1.9.2/lib/testcases/archiveData.php][11/Mar/19 08:07:09]
[<<][4d84642d0198b794292826][DEFAULT][/testlink-1.9.2/lib/testcases/archiveData.php][11/Mar/19 08:07:09][11/Mar/19 08:07:09][took 0.063905 secs]
[<<][4d8464346be02980385777][DEFAULT][/testlink-1.9.2/lib/ajax/gettprojectnodes.php][11/Mar/19 08:07:16][11/Mar/19 08:07:16][took 0.087004 secs]
[>>][4d84643481406410187577][DEFAULT][/testlink-1.9.2/lib/ajax/gettprojectnodes.php][11/Mar/19 08:07:16]
[<<][4d84643481406410187577][DEFAULT][/testlink-1.9.2/lib/ajax/gettprojectnodes.php][11/Mar/19 08:07:16][11/Mar/19 08:07:16][took 0.023662 secs]
[<<][4d846435679d5199964010][DEFAULT][/testlink-1.9.2/lib/testcases/archiveData.php][11/Mar/19 08:07:17][11/Mar/19 08:07:17][took 0.091928 secs]
[>>][4d8464357e2f1143373552][DEFAULT][/testlink-1.9.2/lib/testcases/archiveData.php][11/Mar/19 08:07:17]
[<<][4d8464357e2f1143373552][DEFAULT][/testlink-1.9.2/lib/testcases/archiveData.php][11/Mar/19 08:07:17][11/Mar/19 08:07:17][took 0.381645 secs]
[<<][4d84643b15b78083156103][DEFAULT][/testlink-1.9.2/lib/testcases/tcPrint.php][11/Mar/19 08:07:23][11/Mar/19 08:07:23][took 0.258852 secs]
[>>][4d84643b550b6063564498][DEFAULT][/testlink-1.9.2/lib/testcases/tcPrint.php][11/Mar/19 08:07:23]
	[11/Mar/19 08:07:23][WARNING][l93tbe5cmkuu4rqjbcii83d9a0][GUI]
		string 'print_testcase' is not localized for locale 'en_GB'
[<<][4d84643b550b6063564498][DEFAULT][/testlink-1.9.2/lib/testcases/tcPrint.php][11/Mar/19 08:07:23][11/Mar/19 08:07:23][took 0.104083 secs]
